mode: set
github.com/mochahub/coinprice-scraper/app/internal/data/psql/migrate.go:16.16,17.34 1 1
github.com/mochahub/coinprice-scraper/app/internal/data/psql/migrate.go:20.2,21.16 2 1
github.com/mochahub/coinprice-scraper/app/internal/data/psql/migrate.go:24.2,27.16 2 1
github.com/mochahub/coinprice-scraper/app/internal/data/psql/migrate.go:31.2,31.61 1 1
github.com/mochahub/coinprice-scraper/app/internal/data/psql/migrate.go:35.2,37.25 3 1
github.com/mochahub/coinprice-scraper/app/internal/data/psql/migrate.go:17.34,19.3 1 0
github.com/mochahub/coinprice-scraper/app/internal/data/psql/migrate.go:21.16,23.3 1 0
github.com/mochahub/coinprice-scraper/app/internal/data/psql/migrate.go:27.16,30.3 2 0
github.com/mochahub/coinprice-scraper/app/internal/data/psql/migrate.go:31.61,34.3 2 0
github.com/mochahub/coinprice-scraper/app/internal/data/psql/service.go:11.21,21.2 3 1
github.com/mochahub/coinprice-scraper/app/internal/data/influxdb/service.go:9.77,13.2 3 1
github.com/mochahub/coinprice-scraper/app/pkg/api/kucoin/api_wrapper.go:18.37,19.22 1 1
github.com/mochahub/coinprice-scraper/app/pkg/api/kucoin/api_wrapper.go:22.2,23.32 2 1
github.com/mochahub/coinprice-scraper/app/pkg/api/kucoin/api_wrapper.go:39.2,39.20 1 1
github.com/mochahub/coinprice-scraper/app/pkg/api/kucoin/api_wrapper.go:19.22,21.3 1 0
github.com/mochahub/coinprice-scraper/app/pkg/api/kucoin/api_wrapper.go:23.32,25.32 2 1
github.com/mochahub/coinprice-scraper/app/pkg/api/kucoin/api_wrapper.go:28.3,33.17 2 1
github.com/mochahub/coinprice-scraper/app/pkg/api/kucoin/api_wrapper.go:36.3,37.25 2 1
github.com/mochahub/coinprice-scraper/app/pkg/api/kucoin/api_wrapper.go:25.32,27.4 1 0
github.com/mochahub/coinprice-scraper/app/pkg/api/kucoin/api_wrapper.go:33.17,35.4 1 0
github.com/mochahub/coinprice-scraper/app/pkg/api/kucoin/api_wrapper.go:42.75,44.16 2 1
github.com/mochahub/coinprice-scraper/app/pkg/api/kucoin/api_wrapper.go:47.2,48.46 2 1
github.com/mochahub/coinprice-scraper/app/pkg/api/kucoin/api_wrapper.go:57.2,57.50 1 1
github.com/mochahub/coinprice-scraper/app/pkg/api/kucoin/api_wrapper.go:44.16,46.3 1 0
github.com/mochahub/coinprice-scraper/app/pkg/api/kucoin/api_wrapper.go:48.46,56.3 1 1
github.com/mochahub/coinprice-scraper/app/pkg/api/kucoin/api_wrapper.go:60.81,62.2 1 0
github.com/mochahub/coinprice-scraper/app/pkg/api/kucoin/api_wrapper.go:74.37,81.16 2 1
github.com/mochahub/coinprice-scraper/app/pkg/api/kucoin/api_wrapper.go:84.2,85.42 2 1
github.com/mochahub/coinprice-scraper/app/pkg/api/kucoin/api_wrapper.go:103.2,103.43 1 1
github.com/mochahub/coinprice-scraper/app/pkg/api/kucoin/api_wrapper.go:81.16,83.3 1 0
github.com/mochahub/coinprice-scraper/app/pkg/api/kucoin/api_wrapper.go:85.42,101.3 2 1
github.com/mochahub/coinprice-scraper/app/pkg/api/kucoin/types.go:26.15,28.61 2 1
github.com/mochahub/coinprice-scraper/app/pkg/api/kucoin/types.go:32.2,33.16 2 1
github.com/mochahub/coinprice-scraper/app/pkg/api/kucoin/types.go:37.2,38.16 2 1
github.com/mochahub/coinprice-scraper/app/pkg/api/kucoin/types.go:42.2,43.16 2 1
github.com/mochahub/coinprice-scraper/app/pkg/api/kucoin/types.go:47.2,48.16 2 1
github.com/mochahub/coinprice-scraper/app/pkg/api/kucoin/types.go:52.2,53.16 2 1
github.com/mochahub/coinprice-scraper/app/pkg/api/kucoin/types.go:57.2,58.16 2 1
github.com/mochahub/coinprice-scraper/app/pkg/api/kucoin/types.go:61.2,61.12 1 1
github.com/mochahub/coinprice-scraper/app/pkg/api/kucoin/types.go:28.61,30.3 1 0
github.com/mochahub/coinprice-scraper/app/pkg/api/kucoin/types.go:33.16,35.3 1 0
github.com/mochahub/coinprice-scraper/app/pkg/api/kucoin/types.go:38.16,40.3 1 0
github.com/mochahub/coinprice-scraper/app/pkg/api/kucoin/types.go:43.16,45.3 1 0
github.com/mochahub/coinprice-scraper/app/pkg/api/kucoin/types.go:48.16,50.3 1 0
github.com/mochahub/coinprice-scraper/app/pkg/api/kucoin/types.go:53.16,55.3 1 0
github.com/mochahub/coinprice-scraper/app/pkg/api/kucoin/types.go:58.16,60.3 1 0
github.com/mochahub/coinprice-scraper/app/pkg/api/kucoin/api_client.go:24.38,34.93 7 1
github.com/mochahub/coinprice-scraper/app/pkg/api/kucoin/api_client.go:40.2,40.19 1 1
github.com/mochahub/coinprice-scraper/app/pkg/api/kucoin/api_client.go:34.93,35.70 1 1
github.com/mochahub/coinprice-scraper/app/pkg/api/kucoin/api_client.go:35.70,38.4 2 0
github.com/mochahub/coinprice-scraper/app/pkg/api/kucoin/api_client.go:43.60,45.2 1 0
github.com/mochahub/coinprice-scraper/app/pkg/api/kucoin/api_client.go:53.57,61.16 8 1
github.com/mochahub/coinprice-scraper/app/pkg/api/kucoin/api_client.go:64.2,66.66 3 1
github.com/mochahub/coinprice-scraper/app/pkg/api/kucoin/api_client.go:69.2,69.33 1 1
github.com/mochahub/coinprice-scraper/app/pkg/api/kucoin/api_client.go:61.16,63.3 1 0
github.com/mochahub/coinprice-scraper/app/pkg/api/kucoin/api_client.go:66.66,68.3 1 0
github.com/mochahub/coinprice-scraper/app/pkg/api/kucoin/api_client.go:73.88,76.16 3 1
github.com/mochahub/coinprice-scraper/app/pkg/api/kucoin/api_client.go:79.2,81.62 3 1
github.com/mochahub/coinprice-scraper/app/pkg/api/kucoin/api_client.go:84.2,84.29 1 1
github.com/mochahub/coinprice-scraper/app/pkg/api/kucoin/api_client.go:76.16,78.3 1 0
github.com/mochahub/coinprice-scraper/app/pkg/api/kucoin/api_client.go:81.62,83.3 1 0
github.com/mochahub/coinprice-scraper/app/pkg/api/kucoin/api_client.go:89.27,91.16 2 1
github.com/mochahub/coinprice-scraper/app/pkg/api/kucoin/api_client.go:94.2,95.16 2 1
github.com/mochahub/coinprice-scraper/app/pkg/api/kucoin/api_client.go:98.2,98.39 1 1
github.com/mochahub/coinprice-scraper/app/pkg/api/kucoin/api_client.go:91.16,93.3 1 0
github.com/mochahub/coinprice-scraper/app/pkg/api/kucoin/api_client.go:95.16,97.3 1 0
github.com/mochahub/coinprice-scraper/app/pkg/api/kucoin/api_client.go:101.110,103.2 1 1
github.com/mochahub/coinprice-scraper/app/pkg/api/ftx/api_client.go:22.35,32.93 7 1
github.com/mochahub/coinprice-scraper/app/pkg/api/ftx/api_client.go:38.2,38.19 1 1
github.com/mochahub/coinprice-scraper/app/pkg/api/ftx/api_client.go:32.93,33.70 1 1
github.com/mochahub/coinprice-scraper/app/pkg/api/ftx/api_client.go:33.70,36.4 2 0
github.com/mochahub/coinprice-scraper/app/pkg/api/ftx/api_client.go:41.60,43.2 1 0
github.com/mochahub/coinprice-scraper/app/pkg/api/ftx/api_client.go:52.67,53.22 1 1
github.com/mochahub/coinprice-scraper/app/pkg/api/ftx/api_client.go:56.2,59.16 4 1
github.com/mochahub/coinprice-scraper/app/pkg/api/ftx/api_client.go:62.2,64.71 3 1
github.com/mochahub/coinprice-scraper/app/pkg/api/ftx/api_client.go:67.2,67.38 1 1
github.com/mochahub/coinprice-scraper/app/pkg/api/ftx/api_client.go:53.22,55.3 1 0
github.com/mochahub/coinprice-scraper/app/pkg/api/ftx/api_client.go:59.16,61.3 1 0
github.com/mochahub/coinprice-scraper/app/pkg/api/ftx/api_client.go:64.71,66.3 1 0
github.com/mochahub/coinprice-scraper/app/pkg/api/ftx/api_client.go:70.87,73.16 3 1
github.com/mochahub/coinprice-scraper/app/pkg/api/ftx/api_client.go:76.2,78.61 3 1
github.com/mochahub/coinprice-scraper/app/pkg/api/ftx/api_client.go:81.2,81.28 1 1
github.com/mochahub/coinprice-scraper/app/pkg/api/ftx/api_client.go:73.16,75.3 1 0
github.com/mochahub/coinprice-scraper/app/pkg/api/ftx/api_client.go:78.61,80.3 1 0
github.com/mochahub/coinprice-scraper/app/pkg/api/ftx/api_client.go:86.27,88.16 2 1
github.com/mochahub/coinprice-scraper/app/pkg/api/ftx/api_client.go:91.2,92.16 2 1
github.com/mochahub/coinprice-scraper/app/pkg/api/ftx/api_client.go:95.2,95.39 1 1
github.com/mochahub/coinprice-scraper/app/pkg/api/ftx/api_client.go:88.16,90.3 1 0
github.com/mochahub/coinprice-scraper/app/pkg/api/ftx/api_client.go:92.16,94.3 1 0
github.com/mochahub/coinprice-scraper/app/pkg/api/ftx/api_wrapper.go:17.37,18.22 1 1
github.com/mochahub/coinprice-scraper/app/pkg/api/ftx/api_wrapper.go:21.2,22.32 2 1
github.com/mochahub/coinprice-scraper/app/pkg/api/ftx/api_wrapper.go:38.2,38.20 1 1
github.com/mochahub/coinprice-scraper/app/pkg/api/ftx/api_wrapper.go:18.22,20.3 1 0
github.com/mochahub/coinprice-scraper/app/pkg/api/ftx/api_wrapper.go:22.32,24.32 2 1
github.com/mochahub/coinprice-scraper/app/pkg/api/ftx/api_wrapper.go:27.3,32.17 2 1
github.com/mochahub/coinprice-scraper/app/pkg/api/ftx/api_wrapper.go:35.3,36.25 2 1
github.com/mochahub/coinprice-scraper/app/pkg/api/ftx/api_wrapper.go:24.32,26.4 1 1
github.com/mochahub/coinprice-scraper/app/pkg/api/ftx/api_wrapper.go:32.17,34.4 1 0
github.com/mochahub/coinprice-scraper/app/pkg/api/ftx/api_wrapper.go:41.75,43.16 2 1
github.com/mochahub/coinprice-scraper/app/pkg/api/ftx/api_wrapper.go:46.2,47.47 2 1
github.com/mochahub/coinprice-scraper/app/pkg/api/ftx/api_wrapper.go:64.2,64.50 1 1
github.com/mochahub/coinprice-scraper/app/pkg/api/ftx/api_wrapper.go:43.16,45.3 1 0
github.com/mochahub/coinprice-scraper/app/pkg/api/ftx/api_wrapper.go:47.47,49.28 1 1
github.com/mochahub/coinprice-scraper/app/pkg/api/ftx/api_wrapper.go:52.3,62.5 5 1
github.com/mochahub/coinprice-scraper/app/pkg/api/ftx/api_wrapper.go:49.28,50.12 1 1
github.com/mochahub/coinprice-scraper/app/pkg/api/ftx/api_wrapper.go:67.81,69.2 1 0
github.com/mochahub/coinprice-scraper/app/pkg/api/ftx/api_wrapper.go:81.37,89.16 2 1
github.com/mochahub/coinprice-scraper/app/pkg/api/ftx/api_wrapper.go:92.2,93.48 2 1
github.com/mochahub/coinprice-scraper/app/pkg/api/ftx/api_wrapper.go:110.2,110.28 1 1
github.com/mochahub/coinprice-scraper/app/pkg/api/ftx/api_wrapper.go:89.16,91.3 1 0
github.com/mochahub/coinprice-scraper/app/pkg/api/ftx/api_wrapper.go:93.48,109.3 2 1
github.com/mochahub/coinprice-scraper/app/pkg/api/binance/types.go:27.15,29.61 2 1
github.com/mochahub/coinprice-scraper/app/pkg/api/binance/types.go:33.2,36.16 3 1
github.com/mochahub/coinprice-scraper/app/pkg/api/binance/types.go:40.2,41.16 2 1
github.com/mochahub/coinprice-scraper/app/pkg/api/binance/types.go:45.2,46.16 2 1
github.com/mochahub/coinprice-scraper/app/pkg/api/binance/types.go:50.2,51.16 2 1
github.com/mochahub/coinprice-scraper/app/pkg/api/binance/types.go:55.2,56.16 2 1
github.com/mochahub/coinprice-scraper/app/pkg/api/binance/types.go:60.2,63.16 3 1
github.com/mochahub/coinprice-scraper/app/pkg/api/binance/types.go:67.2,70.16 3 1
github.com/mochahub/coinprice-scraper/app/pkg/api/binance/types.go:74.2,75.16 2 1
github.com/mochahub/coinprice-scraper/app/pkg/api/binance/types.go:78.2,78.12 1 1
github.com/mochahub/coinprice-scraper/app/pkg/api/binance/types.go:29.61,31.3 1 0
github.com/mochahub/coinprice-scraper/app/pkg/api/binance/types.go:36.16,38.3 1 0
github.com/mochahub/coinprice-scraper/app/pkg/api/binance/types.go:41.16,43.3 1 0
github.com/mochahub/coinprice-scraper/app/pkg/api/binance/types.go:46.16,48.3 1 0
github.com/mochahub/coinprice-scraper/app/pkg/api/binance/types.go:51.16,53.3 1 0
github.com/mochahub/coinprice-scraper/app/pkg/api/binance/types.go:56.16,58.3 1 0
github.com/mochahub/coinprice-scraper/app/pkg/api/binance/types.go:63.16,65.3 1 0
github.com/mochahub/coinprice-scraper/app/pkg/api/binance/types.go:70.16,72.3 1 0
github.com/mochahub/coinprice-scraper/app/pkg/api/binance/types.go:75.16,77.3 1 0
github.com/mochahub/coinprice-scraper/app/pkg/api/binance/api_client.go:25.39,36.93 7 1
github.com/mochahub/coinprice-scraper/app/pkg/api/binance/api_client.go:42.2,42.19 1 1
github.com/mochahub/coinprice-scraper/app/pkg/api/binance/api_client.go:36.93,37.70 1 1
github.com/mochahub/coinprice-scraper/app/pkg/api/binance/api_client.go:37.70,40.4 2 0
github.com/mochahub/coinprice-scraper/app/pkg/api/binance/api_client.go:45.60,47.2 1 0
github.com/mochahub/coinprice-scraper/app/pkg/api/binance/api_client.go:55.55,56.22 1 1
github.com/mochahub/coinprice-scraper/app/pkg/api/binance/api_client.go:59.2,67.16 9 1
github.com/mochahub/coinprice-scraper/app/pkg/api/binance/api_client.go:70.2,72.66 3 1
github.com/mochahub/coinprice-scraper/app/pkg/api/binance/api_client.go:75.2,75.33 1 1
github.com/mochahub/coinprice-scraper/app/pkg/api/binance/api_client.go:56.22,58.3 1 0
github.com/mochahub/coinprice-scraper/app/pkg/api/binance/api_client.go:67.16,69.3 1 0
github.com/mochahub/coinprice-scraper/app/pkg/api/binance/api_client.go:72.66,74.3 1 0
github.com/mochahub/coinprice-scraper/app/pkg/api/binance/api_client.go:79.103,82.16 3 1
github.com/mochahub/coinprice-scraper/app/pkg/api/binance/api_client.go:85.2,87.67 3 1
github.com/mochahub/coinprice-scraper/app/pkg/api/binance/api_client.go:90.2,90.34 1 1
github.com/mochahub/coinprice-scraper/app/pkg/api/binance/api_client.go:82.16,84.3 1 0
github.com/mochahub/coinprice-scraper/app/pkg/api/binance/api_client.go:87.67,89.3 1 0
github.com/mochahub/coinprice-scraper/app/pkg/api/binance/api_client.go:95.12,97.31 2 1
github.com/mochahub/coinprice-scraper/app/pkg/api/binance/api_client.go:100.2,100.12 1 1
github.com/mochahub/coinprice-scraper/app/pkg/api/binance/api_client.go:97.31,99.3 1 0
github.com/mochahub/coinprice-scraper/app/pkg/api/binance/api_client.go:105.27,107.16 2 1
github.com/mochahub/coinprice-scraper/app/pkg/api/binance/api_client.go:110.2,111.16 2 1
github.com/mochahub/coinprice-scraper/app/pkg/api/binance/api_client.go:114.2,114.39 1 1
github.com/mochahub/coinprice-scraper/app/pkg/api/binance/api_client.go:107.16,109.3 1 0
github.com/mochahub/coinprice-scraper/app/pkg/api/binance/api_client.go:111.16,113.3 1 0
github.com/mochahub/coinprice-scraper/app/pkg/api/binance/api_wrapper.go:17.37,18.22 1 1
github.com/mochahub/coinprice-scraper/app/pkg/api/binance/api_wrapper.go:21.2,22.32 2 1
github.com/mochahub/coinprice-scraper/app/pkg/api/binance/api_wrapper.go:38.2,38.20 1 1
github.com/mochahub/coinprice-scraper/app/pkg/api/binance/api_wrapper.go:18.22,20.3 1 0
github.com/mochahub/coinprice-scraper/app/pkg/api/binance/api_wrapper.go:22.32,24.32 2 1
github.com/mochahub/coinprice-scraper/app/pkg/api/binance/api_wrapper.go:27.3,32.17 2 1
github.com/mochahub/coinprice-scraper/app/pkg/api/binance/api_wrapper.go:35.3,36.25 2 1
github.com/mochahub/coinprice-scraper/app/pkg/api/binance/api_wrapper.go:24.32,26.4 1 0
github.com/mochahub/coinprice-scraper/app/pkg/api/binance/api_wrapper.go:32.17,34.4 1 0
github.com/mochahub/coinprice-scraper/app/pkg/api/binance/api_wrapper.go:41.75,43.16 2 1
github.com/mochahub/coinprice-scraper/app/pkg/api/binance/api_wrapper.go:46.2,47.46 2 1
github.com/mochahub/coinprice-scraper/app/pkg/api/binance/api_wrapper.go:56.2,56.50 1 1
github.com/mochahub/coinprice-scraper/app/pkg/api/binance/api_wrapper.go:43.16,45.3 1 0
github.com/mochahub/coinprice-scraper/app/pkg/api/binance/api_wrapper.go:47.46,55.3 1 1
github.com/mochahub/coinprice-scraper/app/pkg/api/binance/api_wrapper.go:59.81,61.2 1 0
github.com/mochahub/coinprice-scraper/app/pkg/api/binance/api_wrapper.go:73.37,80.16 2 1
github.com/mochahub/coinprice-scraper/app/pkg/api/binance/api_wrapper.go:83.2,85.37 2 1
github.com/mochahub/coinprice-scraper/app/pkg/api/binance/api_wrapper.go:104.2,104.28 1 1
github.com/mochahub/coinprice-scraper/app/pkg/api/binance/api_wrapper.go:80.16,82.3 1 0
github.com/mochahub/coinprice-scraper/app/pkg/api/binance/api_wrapper.go:85.37,103.3 3 1
github.com/mochahub/coinprice-scraper/app/pkg/api/coinbasepro/api_client.go:27.43,38.93 7 1
github.com/mochahub/coinprice-scraper/app/pkg/api/coinbasepro/api_client.go:44.2,44.19 1 1
github.com/mochahub/coinprice-scraper/app/pkg/api/coinbasepro/api_client.go:38.93,39.70 1 1
github.com/mochahub/coinprice-scraper/app/pkg/api/coinbasepro/api_client.go:39.70,42.4 2 0
github.com/mochahub/coinprice-scraper/app/pkg/api/coinbasepro/api_client.go:46.60,48.2 1 1
github.com/mochahub/coinprice-scraper/app/pkg/api/coinbasepro/api_client.go:56.55,64.16 8 1
github.com/mochahub/coinprice-scraper/app/pkg/api/coinbasepro/api_client.go:67.2,69.66 3 1
github.com/mochahub/coinprice-scraper/app/pkg/api/coinbasepro/api_client.go:73.2,73.33 1 1
github.com/mochahub/coinprice-scraper/app/pkg/api/coinbasepro/api_client.go:64.16,66.3 1 0
github.com/mochahub/coinprice-scraper/app/pkg/api/coinbasepro/api_client.go:69.66,72.3 2 0
github.com/mochahub/coinprice-scraper/app/pkg/api/coinbasepro/api_client.go:76.90,79.16 3 1
github.com/mochahub/coinprice-scraper/app/pkg/api/coinbasepro/api_client.go:82.2,84.63 3 1
github.com/mochahub/coinprice-scraper/app/pkg/api/coinbasepro/api_client.go:88.2,88.30 1 1
github.com/mochahub/coinprice-scraper/app/pkg/api/coinbasepro/api_client.go:79.16,81.3 1 0
github.com/mochahub/coinprice-scraper/app/pkg/api/coinbasepro/api_client.go:84.63,87.3 2 0
github.com/mochahub/coinprice-scraper/app/pkg/api/coinbasepro/api_client.go:93.27,95.16 2 1
github.com/mochahub/coinprice-scraper/app/pkg/api/coinbasepro/api_client.go:98.2,99.16 2 1
github.com/mochahub/coinprice-scraper/app/pkg/api/coinbasepro/api_client.go:102.2,102.39 1 1
github.com/mochahub/coinprice-scraper/app/pkg/api/coinbasepro/api_client.go:95.16,97.3 1 0
github.com/mochahub/coinprice-scraper/app/pkg/api/coinbasepro/api_client.go:99.16,101.3 1 0
github.com/mochahub/coinprice-scraper/app/pkg/api/coinbasepro/api_client.go:106.58,108.16 2 0
github.com/mochahub/coinprice-scraper/app/pkg/api/coinbasepro/api_client.go:112.2,114.16 3 0
github.com/mochahub/coinprice-scraper/app/pkg/api/coinbasepro/api_client.go:118.2,118.67 1 0
github.com/mochahub/coinprice-scraper/app/pkg/api/coinbasepro/api_client.go:108.16,110.3 1 0
github.com/mochahub/coinprice-scraper/app/pkg/api/coinbasepro/api_client.go:114.16,116.3 1 0
github.com/mochahub/coinprice-scraper/app/pkg/api/coinbasepro/api_wrapper.go:18.37,19.22 1 1
github.com/mochahub/coinprice-scraper/app/pkg/api/coinbasepro/api_wrapper.go:22.2,23.32 2 1
github.com/mochahub/coinprice-scraper/app/pkg/api/coinbasepro/api_wrapper.go:39.2,39.20 1 1
github.com/mochahub/coinprice-scraper/app/pkg/api/coinbasepro/api_wrapper.go:19.22,21.3 1 0
github.com/mochahub/coinprice-scraper/app/pkg/api/coinbasepro/api_wrapper.go:23.32,25.32 2 1
github.com/mochahub/coinprice-scraper/app/pkg/api/coinbasepro/api_wrapper.go:28.3,33.17 2 1
github.com/mochahub/coinprice-scraper/app/pkg/api/coinbasepro/api_wrapper.go:36.3,37.25 2 1
github.com/mochahub/coinprice-scraper/app/pkg/api/coinbasepro/api_wrapper.go:25.32,27.4 1 0
github.com/mochahub/coinprice-scraper/app/pkg/api/coinbasepro/api_wrapper.go:33.17,35.4 1 0
github.com/mochahub/coinprice-scraper/app/pkg/api/coinbasepro/api_wrapper.go:42.75,44.16 2 1
github.com/mochahub/coinprice-scraper/app/pkg/api/coinbasepro/api_wrapper.go:47.2,49.26 2 1
github.com/mochahub/coinprice-scraper/app/pkg/api/coinbasepro/api_wrapper.go:65.2,65.50 1 1
github.com/mochahub/coinprice-scraper/app/pkg/api/coinbasepro/api_wrapper.go:44.16,46.3 1 0
github.com/mochahub/coinprice-scraper/app/pkg/api/coinbasepro/api_wrapper.go:49.26,64.3 7 1
github.com/mochahub/coinprice-scraper/app/pkg/api/coinbasepro/api_wrapper.go:68.81,70.2 1 0
github.com/mochahub/coinprice-scraper/app/pkg/api/coinbasepro/api_wrapper.go:82.37,85.16 2 1
github.com/mochahub/coinprice-scraper/app/pkg/api/coinbasepro/api_wrapper.go:88.2,89.33 2 1
github.com/mochahub/coinprice-scraper/app/pkg/api/coinbasepro/api_wrapper.go:107.2,107.35 1 1
github.com/mochahub/coinprice-scraper/app/pkg/api/coinbasepro/api_wrapper.go:85.16,87.3 1 0
github.com/mochahub/coinprice-scraper/app/pkg/api/coinbasepro/api_wrapper.go:89.33,106.3 3 1
github.com/mochahub/coinprice-scraper/app/pkg/api/coinbasepro/types.go:26.15,28.61 2 1
github.com/mochahub/coinprice-scraper/app/pkg/api/coinbasepro/types.go:31.2,37.12 7 1
github.com/mochahub/coinprice-scraper/app/pkg/api/coinbasepro/types.go:28.61,30.3 1 0
github.com/mochahub/coinprice-scraper/app/pkg/api/okex/api_client.go:22.36,32.93 7 1
github.com/mochahub/coinprice-scraper/app/pkg/api/okex/api_client.go:38.2,38.19 1 1
github.com/mochahub/coinprice-scraper/app/pkg/api/okex/api_client.go:32.93,33.70 1 1
github.com/mochahub/coinprice-scraper/app/pkg/api/okex/api_client.go:33.70,36.4 2 0
github.com/mochahub/coinprice-scraper/app/pkg/api/okex/api_client.go:41.60,43.2 1 0
github.com/mochahub/coinprice-scraper/app/pkg/api/okex/api_client.go:52.51,64.16 4 1
github.com/mochahub/coinprice-scraper/app/pkg/api/okex/api_client.go:67.2,69.62 3 1
github.com/mochahub/coinprice-scraper/app/pkg/api/okex/api_client.go:72.2,72.29 1 1
github.com/mochahub/coinprice-scraper/app/pkg/api/okex/api_client.go:64.16,66.3 1 0
github.com/mochahub/coinprice-scraper/app/pkg/api/okex/api_client.go:69.62,71.3 1 0
github.com/mochahub/coinprice-scraper/app/pkg/api/okex/api_client.go:75.85,78.16 3 1
github.com/mochahub/coinprice-scraper/app/pkg/api/okex/api_client.go:81.2,83.58 3 1
github.com/mochahub/coinprice-scraper/app/pkg/api/okex/api_client.go:86.2,86.25 1 1
github.com/mochahub/coinprice-scraper/app/pkg/api/okex/api_client.go:78.16,80.3 1 0
github.com/mochahub/coinprice-scraper/app/pkg/api/okex/api_client.go:83.58,85.3 1 0
github.com/mochahub/coinprice-scraper/app/pkg/api/okex/api_client.go:89.110,91.2 1 0
github.com/mochahub/coinprice-scraper/app/pkg/api/okex/api_client.go:95.27,97.16 2 1
github.com/mochahub/coinprice-scraper/app/pkg/api/okex/api_client.go:100.2,101.16 2 1
github.com/mochahub/coinprice-scraper/app/pkg/api/okex/api_client.go:104.2,104.39 1 1
github.com/mochahub/coinprice-scraper/app/pkg/api/okex/api_client.go:97.16,99.3 1 0
github.com/mochahub/coinprice-scraper/app/pkg/api/okex/api_client.go:101.16,103.3 1 0
github.com/mochahub/coinprice-scraper/app/pkg/api/okex/api_wrapper.go:18.37,19.50 1 1
github.com/mochahub/coinprice-scraper/app/pkg/api/okex/api_wrapper.go:22.2,22.22 1 1
github.com/mochahub/coinprice-scraper/app/pkg/api/okex/api_wrapper.go:25.2,26.32 2 1
github.com/mochahub/coinprice-scraper/app/pkg/api/okex/api_wrapper.go:42.2,42.20 1 1
github.com/mochahub/coinprice-scraper/app/pkg/api/okex/api_wrapper.go:19.50,21.3 1 0
github.com/mochahub/coinprice-scraper/app/pkg/api/okex/api_wrapper.go:22.22,24.3 1 0
github.com/mochahub/coinprice-scraper/app/pkg/api/okex/api_wrapper.go:26.32,28.32 2 1
github.com/mochahub/coinprice-scraper/app/pkg/api/okex/api_wrapper.go:31.3,36.17 2 1
github.com/mochahub/coinprice-scraper/app/pkg/api/okex/api_wrapper.go:39.3,40.25 2 1
github.com/mochahub/coinprice-scraper/app/pkg/api/okex/api_wrapper.go:28.32,30.4 1 0
github.com/mochahub/coinprice-scraper/app/pkg/api/okex/api_wrapper.go:36.17,38.4 1 0
github.com/mochahub/coinprice-scraper/app/pkg/api/okex/api_wrapper.go:45.75,47.16 2 1
github.com/mochahub/coinprice-scraper/app/pkg/api/okex/api_wrapper.go:50.2,51.45 2 1
github.com/mochahub/coinprice-scraper/app/pkg/api/okex/api_wrapper.go:60.2,60.50 1 1
github.com/mochahub/coinprice-scraper/app/pkg/api/okex/api_wrapper.go:47.16,49.3 1 0
github.com/mochahub/coinprice-scraper/app/pkg/api/okex/api_wrapper.go:51.45,59.3 1 1
github.com/mochahub/coinprice-scraper/app/pkg/api/okex/api_wrapper.go:63.81,65.2 1 0
github.com/mochahub/coinprice-scraper/app/pkg/api/okex/api_wrapper.go:77.37,85.16 2 1
github.com/mochahub/coinprice-scraper/app/pkg/api/okex/api_wrapper.go:88.2,89.37 2 1
github.com/mochahub/coinprice-scraper/app/pkg/api/okex/api_wrapper.go:106.2,106.43 1 1
github.com/mochahub/coinprice-scraper/app/pkg/api/okex/api_wrapper.go:85.16,87.3 1 0
github.com/mochahub/coinprice-scraper/app/pkg/api/okex/api_wrapper.go:89.37,104.3 1 1
github.com/mochahub/coinprice-scraper/app/pkg/api/okex/types.go:23.15,25.61 2 1
github.com/mochahub/coinprice-scraper/app/pkg/api/okex/types.go:29.2,30.16 2 1
github.com/mochahub/coinprice-scraper/app/pkg/api/okex/types.go:33.2,36.16 3 1
github.com/mochahub/coinprice-scraper/app/pkg/api/okex/types.go:40.2,41.16 2 1
github.com/mochahub/coinprice-scraper/app/pkg/api/okex/types.go:45.2,46.16 2 1
github.com/mochahub/coinprice-scraper/app/pkg/api/okex/types.go:50.2,51.16 2 1
github.com/mochahub/coinprice-scraper/app/pkg/api/okex/types.go:55.2,56.16 2 1
github.com/mochahub/coinprice-scraper/app/pkg/api/okex/types.go:59.2,59.12 1 1
github.com/mochahub/coinprice-scraper/app/pkg/api/okex/types.go:25.61,27.3 1 0
github.com/mochahub/coinprice-scraper/app/pkg/api/okex/types.go:30.16,32.3 1 0
github.com/mochahub/coinprice-scraper/app/pkg/api/okex/types.go:36.16,38.3 1 0
github.com/mochahub/coinprice-scraper/app/pkg/api/okex/types.go:41.16,43.3 1 0
github.com/mochahub/coinprice-scraper/app/pkg/api/okex/types.go:46.16,48.3 1 0
github.com/mochahub/coinprice-scraper/app/pkg/api/okex/types.go:51.16,53.3 1 0
github.com/mochahub/coinprice-scraper/app/pkg/api/okex/types.go:56.16,58.3 1 0
github.com/mochahub/coinprice-scraper/app/pkg/api/module.go:23.34,31.2 1 1
github.com/mochahub/coinprice-scraper/app/pkg/api/module.go:33.50,37.2 1 1
github.com/mochahub/coinprice-scraper/app/pkg/api/module.go:39.53,43.2 1 1
github.com/mochahub/coinprice-scraper/app/pkg/api/module.go:45.48,49.2 1 1
github.com/mochahub/coinprice-scraper/app/pkg/api/module.go:51.46,55.2 1 1
github.com/mochahub/coinprice-scraper/app/pkg/api/module.go:57.45,61.2 1 1
